# JRE version: OpenJDK Runtime Environment (8.0_152) (build 1.8.0_152-release-1343-b16-5323222)
# Java VM: OpenJDK 64-Bit Server VM (25.152-b16-5323222 mixed mode linux-amd64 compressed oops)
Heap:
 PSYoungGen      total 212480K, used 19952K [0x00000000e0000000, 0x00000000ef380000, 0x0000000100000000)
  eden space 192512K, 0% used [0x00000000e0000000,0x00000000e0000000,0x00000000ebc00000)
  from space 19968K, 99% used [0x00000000ebc00000,0x00000000ecf7c360,0x00000000ecf80000)
  to   space 19456K, 0% used [0x00000000ecf80000,0x00000000ecf80000,0x00000000ee280000)
 ParOldGen       total 66560K, used 29134K [0x00000000a0000000, 0x00000000a4100000, 0x00000000e0000000)
  object space 66560K, 43% used [0x00000000a0000000,0x00000000a1c738c8,0x00000000a4100000)
 Metaspace       used 66200K, capacity 68074K, committed 68312K, reserved 1107968K
  class space    used 8889K, capacity 9352K, committed 9472K, reserved 1048576K
GC Heap History (10 events):
Event: 31.709 GC heap after
Heap after GC invocations=11 (full 2):
 PSYoungGen      total 126976K, used 0K [0x00000000e0000000, 0x00000000e9e00000, 0x0000000100000000)
  eden space 117760K, 0% used [0x00000000e0000000,0x00000000e0000000,0x00000000e7300000)
  from space 9216K, 0% used [0x00000000e7300000,0x00000000e7300000,0x00000000e7c00000)
  to   space 11264K, 0% used [0x00000000e9300000,0x00000000e9300000,0x00000000e9e00000)
 ParOldGen       total 51712K, used 17750K [0x00000000a0000000, 0x00000000a3280000, 0x00000000e0000000)
  object space 51712K, 34% used [0x00000000a0000000,0x00000000a1155a98,0x00000000a3280000)
 Metaspace       used 34598K, capacity 35142K, committed 35456K, reserved 1079296K
  class space    used 4768K, capacity 4979K, committed 4992K, reserved 1048576K
}
Event: 39.422 GC heap before
{Heap before GC invocations=12 (full 2):
 PSYoungGen      total 126976K, used 117760K [0x00000000e0000000, 0x00000000e9e00000, 0x0000000100000000)
  eden space 117760K, 100% used [0x00000000e0000000,0x00000000e7300000,0x00000000e7300000)
  from space 9216K, 0% used [0x00000000e7300000,0x00000000e7300000,0x00000000e7c00000)
  to   space 11264K, 0% used [0x00000000e9300000,0x00000000e9300000,0x00000000e9e00000)
 ParOldGen       total 51712K, used 17750K [0x00000000a0000000, 0x00000000a3280000, 0x00000000e0000000)
  object space 51712K, 34% used [0x00000000a0000000,0x00000000a1155a98,0x00000000a3280000)
 Metaspace       used 44901K, capacity 45864K, committed 46336K, reserved 1089536K
  class space    used 6025K, capacity 6284K, committed 6400K, reserved 1048576K
Event: 40.629 GC heap after
Heap after GC invocations=12 (full 2):
 PSYoungGen      total 147456K, used 11242K [0x00000000e0000000, 0x00000000ec300000, 0x0000000100000000)
  eden space 136192K, 0% used [0x00000000e0000000,0x00000000e0000000,0x00000000e8500000)
  from space 11264K, 99% used [0x00000000e9300000,0x00000000e9dfaa48,0x00000000e9e00000)
  to   space 14336K, 0% used [0x00000000e8500000,0x00000000e8500000,0x00000000e9300000)
 ParOldGen       total 51712K, used 21874K [0x00000000a0000000, 0x00000000a3280000, 0x00000000e0000000)
  object space 51712K, 42% used [0x00000000a0000000,0x00000000a155c8e8,0x00000000a3280000)
 Metaspace       used 44901K, capacity 45864K, committed 46336K, reserved 1089536K
  class space    used 6025K, capacity 6284K, committed 6400K, reserved 1048576K
}
Event: 86.566 GC heap before
{Heap before GC invocations=13 (full 2):
 PSYoungGen      total 147456K, used 147434K [0x00000000e0000000, 0x00000000ec300000, 0x0000000100000000)
  eden space 136192K, 100% used [0x00000000e0000000,0x00000000e8500000,0x00000000e8500000)
  from space 11264K, 99% used [0x00000000e9300000,0x00000000e9dfaa48,0x00000000e9e00000)
  to   space 14336K, 0% used [0x00000000e8500000,0x00000000e8500000,0x00000000e9300000)
 ParOldGen       total 51712K, used 21874K [0x00000000a0000000, 0x00000000a3280000, 0x00000000e0000000)
  object space 51712K, 42% used [0x00000000a0000000,0x00000000a155c8e8,0x00000000a3280000)
 Metaspace       used 57461K, capacity 58938K, committed 59096K, reserved 1099776K
  class space    used 7761K, capacity 8132K, committed 8192K, reserved 1048576K
Event: 86.673 GC heap after
Heap after GC invocations=13 (full 2):
 PSYoungGen      total 150528K, used 14324K [0x00000000e0000000, 0x00000000ee280000, 0x0000000100000000)
  eden space 136192K, 0% used [0x00000000e0000000,0x00000000e0000000,0x00000000e8500000)
  from space 14336K, 99% used [0x00000000e8500000,0x00000000e92fd150,0x00000000e9300000)
  to   space 19456K, 0% used [0x00000000ecf80000,0x00000000ecf80000,0x00000000ee280000)
 ParOldGen       total 51712K, used 30262K [0x00000000a0000000, 0x00000000a3280000, 0x00000000e0000000)
  object space 51712K, 58% used [0x00000000a0000000,0x00000000a1d8d860,0x00000000a3280000)
 Metaspace       used 57461K, capacity 58938K, committed 59096K, reserved 1099776K
  class space    used 7761K, capacity 8132K, committed 8192K, reserved 1048576K
}
Event: 86.736 GC heap before
{Heap before GC invocations=14 (full 2):
 PSYoungGen      total 150528K, used 17022K [0x00000000e0000000, 0x00000000ee280000, 0x0000000100000000)
  eden space 136192K, 1% used [0x00000000e0000000,0x00000000e02a2868,0x00000000e8500000)
  from space 14336K, 99% used [0x00000000e8500000,0x00000000e92fd150,0x00000000e9300000)
  to   space 19456K, 0% used [0x00000000ecf80000,0x00000000ecf80000,0x00000000ee280000)
 ParOldGen       total 51712K, used 30262K [0x00000000a0000000, 0x00000000a3280000, 0x00000000e0000000)
  object space 51712K, 58% used [0x00000000a0000000,0x00000000a1d8d860,0x00000000a3280000)
 Metaspace       used 57548K, capacity 59058K, committed 59096K, reserved 1099776K
  class space    used 7774K, capacity 8168K, committed 8192K, reserved 1048576K
Event: 86.789 GC heap after
Heap after GC invocations=14 (full 2):
 PSYoungGen      total 211968K, used 224K [0x00000000e0000000, 0x00000000ef380000, 0x0000000100000000)
  eden space 192512K, 0% used [0x00000000e0000000,0x00000000e0000000,0x00000000ebc00000)
  from space 19456K, 1% used [0x00000000ecf80000,0x00000000ecfb8000,0x00000000ee280000)
  to   space 19968K, 0% used [0x00000000ebc00000,0x00000000ebc00000,0x00000000ecf80000)
 ParOldGen       total 51712K, used 36571K [0x00000000a0000000, 0x00000000a3280000, 0x00000000e0000000)
  object space 51712K, 70% used [0x00000000a0000000,0x00000000a23b6f48,0x00000000a3280000)
 Metaspace       used 57548K, capacity 59058K, committed 59096K, reserved 1099776K
  class space    used 7774K, capacity 8168K, committed 8192K, reserved 1048576K
}
Event: 86.789 GC heap before
{Heap before GC invocations=15 (full 3):
 PSYoungGen      total 211968K, used 224K [0x00000000e0000000, 0x00000000ef380000, 0x0000000100000000)
  eden space 192512K, 0% used [0x00000000e0000000,0x00000000e0000000,0x00000000ebc00000)
  from space 19456K, 1% used [0x00000000ecf80000,0x00000000ecfb8000,0x00000000ee280000)
  to   space 19968K, 0% used [0x00000000ebc00000,0x00000000ebc00000,0x00000000ecf80000)
 ParOldGen       total 51712K, used 36571K [0x00000000a0000000, 0x00000000a3280000, 0x00000000e0000000)
  object space 51712K, 70% used [0x00000000a0000000,0x00000000a23b6f48,0x00000000a3280000)
 Metaspace       used 57548K, capacity 59058K, committed 59096K, reserved 1099776K
  class space    used 7774K, capacity 8168K, committed 8192K, reserved 1048576K
Event: 87.063 GC heap after
Heap after GC invocations=15 (full 3):
 PSYoungGen      total 211968K, used 0K [0x00000000e0000000, 0x00000000ef380000, 0x0000000100000000)
  eden space 192512K, 0% used [0x00000000e0000000,0x00000000e0000000,0x00000000ebc00000)
  from space 19456K, 0% used [0x00000000ecf80000,0x00000000ecf80000,0x00000000ee280000)
  to   space 19968K, 0% used [0x00000000ebc00000,0x00000000ebc00000,0x00000000ecf80000)
 ParOldGen       total 66560K, used 26210K [0x00000000a0000000, 0x00000000a4100000, 0x00000000e0000000)
  object space 66560K, 39% used [0x00000000a0000000,0x00000000a1998900,0x00000000a4100000)
 Metaspace       used 57548K, capacity 59058K, committed 59096K, reserved 1099776K
  class space    used 7774K, capacity 8168K, committed 8192K, reserved 1048576K
}
Event: 96.631 GC heap before
{Heap before GC invocations=16 (full 3):
 PSYoungGen      total 211968K, used 192512K [0x00000000e0000000, 0x00000000ef380000, 0x0000000100000000)
  eden space 192512K, 100% used [0x00000000e0000000,0x00000000ebc00000,0x00000000ebc00000)
  from space 19456K, 0% used [0x00000000ecf80000,0x00000000ecf80000,0x00000000ee280000)
  to   space 19968K, 0% used [0x00000000ebc00000,0x00000000ebc00000,0x00000000ecf80000)
 ParOldGen       total 66560K, used 26210K [0x00000000a0000000, 0x00000000a4100000, 0x00000000e0000000)
  object space 66560K, 39% used [0x00000000a0000000,0x00000000a1998900,0x00000000a4100000)
 Metaspace       used 66200K, capacity 68074K, committed 68312K, reserved 1107968K
  class space    used 8889K, capacity 9352K, committed 9472K, reserved 1048576K

